<?xml version="1.0" encoding="UTF-8"?>
<!-- Generated by org.testng.reporters.JUnitXMLReporter -->
<testsuite ignored="12" hostname="Lingeswar" failures="0" tests="5" name="Test" time="68.897" errors="0" timestamp="2024-01-25T00:21:27 IST">
  <testcase classname="FLyoneTestcase.SearchFlight" name="FlightBooking" time="11.188"/>
  <testcase classname="FLyoneTestcase.FlightSelect" name="Flightselected" time="8.683"/>
  <testcase classname="FLyoneTestcase.AddonSelecting" name="AddonSelected" time="8.007"/>
  <testcase classname="FLyoneTestcase.AddonMealandservices" name="MealandServices" time="2.929"/>
  <testcase classname="FLyoneTestcase.PassengerSelection" name="Passenger" time="33.761"/>
  <testcase classname="CommonFunction.LanuchBrowser" name="@AfterSuite Teardown" time="0.0">
    <ignored/>
  </testcase> <!-- @AfterSuite Teardown -->
  <testcase classname="CommonFunction.LanuchBrowser" name="@BeforeTest DataProvider" time="0.0">
    <ignored/>
  </testcase> <!-- @BeforeTest DataProvider -->
  <testcase classname="CommonFunction.LanuchBrowser" name="@BeforeSuite ChooseBrowser" time="0.0">
    <ignored/>
  </testcase> <!-- @BeforeSuite ChooseBrowser -->
  <testcase classname="CommonFunction.LanuchBrowser" name="@AfterSuite Teardown" time="0.0">
    <ignored/>
  </testcase> <!-- @AfterSuite Teardown -->
  <testcase classname="CommonFunction.LanuchBrowser" name="@BeforeSuite ChooseBrowser" time="0.0">
    <ignored/>
  </testcase> <!-- @BeforeSuite ChooseBrowser -->
  <testcase classname="CommonFunction.LanuchBrowser" name="@BeforeSuite ChooseBrowser" time="0.0">
    <ignored/>
  </testcase> <!-- @BeforeSuite ChooseBrowser -->
  <testcase classname="CommonFunction.LanuchBrowser" name="@BeforeTest DataProvider" time="0.0">
    <ignored/>
  </testcase> <!-- @BeforeTest DataProvider -->
  <testcase classname="CommonFunction.LanuchBrowser" name="@AfterSuite Teardown" time="0.0">
    <ignored/>
  </testcase> <!-- @AfterSuite Teardown -->
  <testcase classname="CommonFunction.LanuchBrowser" name="@BeforeTest DataProvider" time="0.0">
    <ignored/>
  </testcase> <!-- @BeforeTest DataProvider -->
  <testcase classname="CommonFunction.LanuchBrowser" name="@AfterSuite Teardown" time="0.0">
    <ignored/>
  </testcase> <!-- @AfterSuite Teardown -->
  <testcase classname="CommonFunction.LanuchBrowser" name="@BeforeSuite ChooseBrowser" time="0.0">
    <ignored/>
  </testcase> <!-- @BeforeSuite ChooseBrowser -->
  <testcase classname="CommonFunction.LanuchBrowser" name="@BeforeTest DataProvider" time="0.0">
    <ignored/>
  </testcase> <!-- @BeforeTest DataProvider -->
</testsuite> <!-- Test -->
